<?xml version="1.0" encoding="UTF-8"?>
<testsuite xmlns:xsi="http://www.w3.org/2001/XMLSchema-instance" xsi:noNamespaceSchemaLocation="https://maven.apache.org/surefire/maven-surefire-plugin/xsd/surefire-test-report.xsd" name="com.harmonengineering.DepartmentDemoTest" time="0.061" tests="1" errors="0" skipped="0" failures="0">
  <properties>
    <property name="sun.desktop" value="windows"/>
    <property name="awt.toolkit" value="sun.awt.windows.WToolkit"/>
    <property name="java.specification.version" value="11"/>
    <property name="sun.cpu.isalist" value="amd64"/>
    <property name="sun.jnu.encoding" value="Cp1252"/>
    <property name="java.class.path" value="E:\HarmonEngineering\Upwork\JDev1223\DepartmentDemo\target\test-classes;E:\HarmonEngineering\Upwork\JDev1223\DepartmentDemo\target\classes;E:\HarmonEngineering\Maven-Repository\junit\junit\4.13.2\junit-4.13.2.jar;E:\HarmonEngineering\Maven-Repository\org\hamcrest\hamcrest-core\1.3\hamcrest-core-1.3.jar;"/>
    <property name="java.vm.vendor" value="Oracle Corporation"/>
    <property name="sun.arch.data.model" value="64"/>
    <property name="user.variant" value=""/>
    <property name="java.vendor.url" value="https://openjdk.java.net/"/>
    <property name="user.timezone" value="America/Chicago"/>
    <property name="java.vm.specification.version" value="11"/>
    <property name="os.name" value="Windows 10"/>
    <property name="sun.java.launcher" value="SUN_STANDARD"/>
    <property name="user.country" value="US"/>
    <property name="sun.boot.library.path" value="E:\Program Files\Java\jdk-11.0.11\bin"/>
    <property name="sun.java.command" value="C:\Users\black\AppData\Local\Temp\surefire15632584134407236021\surefirebooter14098309868573779569.jar C:\Users\black\AppData\Local\Temp\surefire15632584134407236021 2023-12-23T18-10-38_779-jvmRun1 surefire13577044639739394425tmp surefire_015048000007783933968tmp"/>
    <property name="jdk.debug" value="release"/>
    <property name="surefire.test.class.path" value="E:\HarmonEngineering\Upwork\JDev1223\DepartmentDemo\target\test-classes;E:\HarmonEngineering\Upwork\JDev1223\DepartmentDemo\target\classes;E:\HarmonEngineering\Maven-Repository\junit\junit\4.13.2\junit-4.13.2.jar;E:\HarmonEngineering\Maven-Repository\org\hamcrest\hamcrest-core\1.3\hamcrest-core-1.3.jar;"/>
    <property name="sun.cpu.endian" value="little"/>
    <property name="user.home" value="C:\Users\black"/>
    <property name="user.language" value="en"/>
    <property name="java.specification.vendor" value="Oracle Corporation"/>
    <property name="java.version.date" value="2021-04-20"/>
    <property name="java.home" value="E:\Program Files\Java\jdk-11.0.11"/>
    <property name="file.separator" value="\"/>
    <property name="basedir" value="E:\HarmonEngineering\Upwork\JDev1223\DepartmentDemo"/>
    <property name="java.vm.compressedOopsMode" value="Zero based"/>
    <property name="line.separator" value="&#10;"/>
    <property name="java.specification.name" value="Java Platform API Specification"/>
    <property name="java.vm.specification.vendor" value="Oracle Corporation"/>
    <property name="java.awt.graphicsenv" value="sun.awt.Win32GraphicsEnvironment"/>
    <property name="surefire.real.class.path" value="C:\Users\black\AppData\Local\Temp\surefire15632584134407236021\surefirebooter14098309868573779569.jar"/>
    <property name="user.script" value=""/>
    <property name="sun.management.compiler" value="HotSpot 64-Bit Tiered Compilers"/>
    <property name="java.runtime.version" value="11.0.11+9-LTS-194"/>
    <property name="user.name" value="black"/>
    <property name="path.separator" value=";"/>
    <property name="os.version" value="10.0"/>
    <property name="java.runtime.name" value="Java(TM) SE Runtime Environment"/>
    <property name="file.encoding" value="Cp1252"/>
    <property name="java.vm.name" value="Java HotSpot(TM) 64-Bit Server VM"/>
    <property name="java.vendor.version" value="18.9"/>
    <property name="localRepository" value="E:\HarmonEngineering\Maven-Repository"/>
    <property name="java.vendor.url.bug" value="https://bugreport.java.com/bugreport/"/>
    <property name="java.io.tmpdir" value="C:\Users\black\AppData\Local\Temp\"/>
    <property name="idea.version" value="2021.2.4"/>
    <property name="java.version" value="11.0.11"/>
    <property name="user.dir" value="E:\HarmonEngineering\Upwork\JDev1223\DepartmentDemo"/>
    <property name="os.arch" value="amd64"/>
    <property name="java.vm.specification.name" value="Java Virtual Machine Specification"/>
    <property name="java.awt.printerjob" value="sun.awt.windows.WPrinterJob"/>
    <property name="sun.os.patch.level" value=""/>
    <property name="java.library.path" value="E:\Program Files\Java\jdk-11.0.11\bin;C:\WINDOWS\Sun\Java\bin;C:\WINDOWS\system32;C:\WINDOWS;E:\Program Files\SlickEdit Pro 25.0.1\win\;E:\Program Files (x86)\Embarcadero\Studio\19.0\bin;E:\Program Files (x86)\Embarcadero\Studio\19.0\bin64;E:\app\black\product\18.0.0\dbhomeXE\bin;C:\Program Files (x86)\Embarcadero\Studio\19.0\bin;C:\Users\Public\Documents\Embarcadero\Studio\19.0\Bpl;C:\Program Files (x86)\Embarcadero\Studio\19.0\bin64;C:\Users\Public\Documents\Embarcadero\Studio\19.0\Bpl\Win64;C:\Program Files (x86)\Intel\iCLS Client\;C:\Program Files\Intel\iCLS Client\;C:\WINDOWS\system32;C:\WINDOWS;C:\WINDOWS\System32\Wbem;C:\WINDOWS\System32\WindowsPowerShell\v1.0\;C:\Program Files (x86)\QuickTime\QTSystem\;C:\Program Files (x86)\Intel\Intel(R) Management Engine Components\DAL;C:\Program Files\Intel\Intel(R) Management Engine Components\DAL;C:\Program Files (x86)\Intel\Intel(R) Management Engine Components\IPT;C:\Program Files\Intel\Intel(R) Management Engine Components\IPT;C:\WINDOWS\System32\OpenSSH\;E:\HarmonEngineering\Software\;C:\ProgramData\chocolatey\bin;C:\Program Files\Common Files\Oracle\Java\javapath;C:\Program Files (x86)\Common Files\Oracle\Java\javapath;E:\HarmonEngineering\Amazon\AWSCLIV2\;C:\Program Files\Git\cmd;C:\Program Files\Docker\Docker\resources\bin;E:\Program Files\MySQL\MySQL Shell 8.0\bin\;e:\Users\black\Anaconda3;e:\Users\black\Anaconda3\Library\mingw-w64\bin;e:\Users\black\Anaconda3\Library\usr\bin;e:\Users\black\Anaconda3\Library\bin;e:\Users\black\Anaconda3\Scripts;C:\Users\black\AppData\Local\Microsoft\WindowsApps;C:\Program Files\Microsoft VS Code\bin;C:\Users\black\AppData\Local\GitHubDesktop\bin;E:\Program Files\JetBrains\IntelliJ IDEA 2021.2.1\bin;C:\Users\black\AppData\Local\JetBrains\Toolbox\scripts;C:\Users\black\AppData\Roaming\npm;E:\HarmonEngineering\Software\apache-maven-3.9.2\\bin;E:\HarmonEngineering\Java\jdk-11.0.11\bin;E:\Program Files\JetBrains\WebStorm 2021.2.4\bin;;E:\HarmonEngineering\Software\Microsoft VS Code\bin;e:\Program Files\JetBrains\IntelliJ IDEA 2021.2.4\bin;;E:\Program Files\MySQL\MySQL Shell 8.0\bin;;E:\Program Files\JetBrains\Aqua 231.9206\bin;;."/>
    <property name="java.vendor" value="Oracle Corporation"/>
    <property name="java.vm.info" value="mixed mode"/>
    <property name="java.vm.version" value="11.0.11+9-LTS-194"/>
    <property name="sun.io.unicode.encoding" value="UnicodeLittle"/>
    <property name="java.class.version" value="55.0"/>
  </properties>
  <testcase name="shouldAnswerWithTrue" classname="com.harmonengineering.DepartmentDemoTest" time="0.004"/>
</testsuite>